<?xml version="1.0" encoding="UTF-8"?>
<!-- Generated by org.testng.reporters.JUnitXMLReporter -->
<testsuite ignored="0" hostname="ANSH-OFFC" failures="0" tests="2" name="Test-2" time="39.832" errors="0" timestamp="2023-06-10T12:42:50 IST">
  <testcase classname="X.Testtitlegoogle" name="getTitle" time="19.951"/>
  <testcase classname="X.Testtitlefacebook" name="getTitle2" time="13.877"/>
</testsuite> <!-- Test-2 -->
