<?xml version="1.0" encoding="UTF-8"?>
<!-- Generated by org.testng.reporters.JUnitXMLReporter -->
<testsuite ignored="0" hostname="ANSH-OFFC" failures="0" tests="2" name="Test-1" time="29.712" errors="0" timestamp="2023-06-10T12:42:40 IST">
  <testcase classname="X.Testtitlegoogle" name="getTitle" time="10.844"/>
  <testcase classname="X.Testtitlefacebook" name="getTitle2" time="13.005"/>
</testsuite> <!-- Test-1 -->
