<?xml version="1.0" encoding="UTF-8"?>
<!-- Generated by org.testng.reporters.JUnitXMLReporter -->
<testsuite ignored="0" hostname="ANSH-OFFC" failures="0" tests="2" name="Test-0" time="29.468" errors="0" timestamp="2023-06-10T12:42:39 IST">
  <testcase classname="X.Testtitlegoogle" name="getTitle" time="12.534"/>
  <testcase classname="X.Testtitlefacebook" name="getTitle2" time="10.993"/>
</testsuite> <!-- Test-0 -->
