<?xml version="1.0" encoding="UTF-8"?>
<!-- Generated by org.testng.reporters.JUnitReportReporter -->
<testsuite hostname="ANSH-OFFC" failures="0" tests="1" name="X.Testtitlegoogle" time="8.016" errors="0" timestamp="2023-06-10T11:54:29 IST" skipped="0">
  <testcase classname="X.Testtitlegoogle" name="getTitle" time="8.016"/>
  <system-out/>
</testsuite> <!-- X.Testtitlegoogle -->
