<?xml version="1.0" encoding="UTF-8"?>
<!-- Generated by org.testng.reporters.JUnitReportReporter -->
<testsuite hostname="ANSH-OFFC" failures="0" tests="3" name="X.Testtitlefacebook" time="37.875" errors="0" timestamp="2023-06-10T12:42:50 IST" skipped="0">
  <testcase classname="X.Testtitlefacebook" name="getTitle2" time="13.005"/>
  <system-out/>
  <testcase classname="X.Testtitlefacebook" name="getTitle2" time="13.877"/>
  <system-out/>
  <testcase classname="X.Testtitlefacebook" name="getTitle2" time="10.993"/>
  <system-out/>
</testsuite> <!-- X.Testtitlefacebook -->
