<?xml version="1.0" encoding="UTF-8"?>
<!-- Generated by org.testng.reporters.JUnitReportReporter -->
<testsuite hostname="ANSH-OFFC" failures="0" tests="3" name="X.Testtitlegoogle" time="43.329" errors="0" timestamp="2023-06-10T12:42:50 IST" skipped="0">
  <testcase classname="X.Testtitlegoogle" name="getTitle" time="12.534"/>
  <system-out/>
  <testcase classname="X.Testtitlegoogle" name="getTitle" time="19.951"/>
  <system-out/>
  <testcase classname="X.Testtitlegoogle" name="getTitle" time="10.844"/>
  <system-out/>
</testsuite> <!-- X.Testtitlegoogle -->
